<?xml version="1.0" encoding="UTF-8"?>
<!-- Generated by org.testng.reporters.JUnitReportReporter -->
<testsuite skipped="0" hostname="HANUMANJEESHIVAMs-MacBook-Pro.local" name="GaneshCucumber.AppTest" tests="1" failures="0" timestamp="2021-01-18T00:45:46 PST" time="0.009" errors="0">
  <testcase name="shouldAnswerWithTrue" time="0.009" classname="GaneshCucumber.AppTest"/>
  <system-out/>
</testsuite> <!-- GaneshCucumber.AppTest -->
