<?xml version="1.0" encoding="UTF-8"?>
<!-- Generated by org.testng.reporters.JUnitReportReporter -->
<testsuite skipped="0" hostname="MASARADA" name="GaneshCucumber.AppTest" tests="1" failures="0" timestamp="2021-01-10T02:05:44 PST" time="0.022" errors="0">
  <testcase name="shouldAnswerWithTrue" time="0.022" classname="GaneshCucumber.AppTest"/>
  <system-out/>
</testsuite> <!-- GaneshCucumber.AppTest -->
